<?xml version="1.0" encoding="UTF-8"?>
<testsuite xmlns:xsi="http://www.w3.org/2001/XMLSchema-instance" xsi:noNamespaceSchemaLocation="https://maven.apache.org/surefire/maven-surefire-plugin/xsd/surefire-test-report.xsd" version="3.0.1" name="com.mycompany.app.AppTest" time="0.053" tests="4" errors="0" skipped="0" failures="0">
  <properties>
[...]
</properties>
  <testcase name="testCityNameIsCorrect" classname="com.mycompany.app.AppTest" time="0.017"/>
  <testcase name="testEstimationNotNull" classname="com.mycompany.app.AppTest" time="0.023"/>
  <testcase name="testInitialBidonCountIsZero" classname="com.mycompany.app.AppTest" time="0.001"/>
  <testcase name="testAddBidonIncreasesCount" classname="com.mycompany.app.AppTest" time="0.0"/>
</testsuite>